Running the Person B
API server listening at http://localhost:3001
/executeBridging
receipt ContractTransactionReceipt {
  provider: JsonRpcProvider {},
  to: '0x9fE46736679d2D9a65F0992F2272dE9f3c7fa6e0',
  from: '0xf39Fd6e51aad88F6F4ce6aB8827279cffFb92266',
  contractAddress: null,
  hash: '0x72d3bdac2c5951c23b25642e45a3a1e571884d0fd77e470599e5da4d94fc472f',
  index: 0,
  blockHash: '0xa649b04ba8c711096dd90f5bc56524b5158e5f22f5463abc48a61fbd3ee2c648',
  blockNumber: 5,
  logsBloom: '0x00000000000000000000000000000000000000000000000000000000000000000000000000000000000000000000000000000000000000000000000000000000000000000000000000000000000000000000000000000000000000000000000000000000000000000000000000000000000000000000000000000000000000000000000000000000000000000000000000000000000000000000000000000000000000000000000000000000000000000000000000000000000000000000000000000000000000000000000000000000000000000000000000000000000000000000000000000000000000000000000000000000000000000000000000000000',
  gasUsed: 22400n,
  blobGasUsed: null,
  cumulativeGasUsed: 22400n,
  gasPrice: 1517005157n,
  blobGasPrice: null,
  type: 2,
  status: 1,
  root: undefined
}
secretHashHex 0x31eb40e71d7f3923a155b574df0344c43d92e82ad463946aa84c39a064c67994
B1. Create escrow contract with secret hash and safety deposot - createTx ContractTransactionResponse {
  provider: JsonRpcProvider {},
  blockNumber: null,
  blockHash: null,
  index: undefined,
  hash: '0x72d3bdac2c5951c23b25642e45a3a1e571884d0fd77e470599e5da4d94fc472f',
  type: 2,
  to: '0x9fE46736679d2D9a65F0992F2272dE9f3c7fa6e0',
  from: '0xf39Fd6e51aad88F6F4ce6aB8827279cffFb92266',
  nonce: 3,
  gasLimit: 22401n,
  gasPrice: undefined,
  maxPriorityFeePerGas: 1000000000n,
  maxFeePerGas: 2181470650n,
  maxFeePerBlobGas: null,
  data: '0x35337859000000000000000000000000000000000000000000000000000000000000000000000000000000000000000000000000000000000000000000000000000f4240000000000000000000000000000000000000000000000000000000000001518031eb40e71d7f3923a155b574df0344c43d92e82ad463946aa84c39a064c67994000000000000000000000000cd3b766ccdd6ae721141f452c550ca635964ce71',
  value: 1000000n,
  chainId: 31337n,
  signature: Signature { r: "0x6bca6915344fc711e7169ccef17e3b8140fc80a6eca762de40369342b97e0d4c", s: "0x51667c7d6243706d21180c4c453480fdfd5886311b1cf50ada097ffb9edd1815", yParity: 1, networkV: null },
  accessList: [],
  blobVersionedHashes: null
}
secretHashUint 31eb40e71d7f3923a155b574df0344c43d92e82ad463946aa84c39a064c67994
B2. /confirmLocking - Relayer notified successfully.
